<?xml version="1.0" encoding="UTF-8"?>
<testng-results ignored="0" total="1" passed="1" failed="0" skipped="0">
  <reporter-output>
  </reporter-output>
  <suite started-at="2025-03-13T14:46:59 IST" name="Default suite" finished-at="2025-03-13T14:47:03 IST" duration-ms="4072">
    <groups>
    </groups>
    <test started-at="2025-03-13T14:46:59 IST" name="Default test" finished-at="2025-03-13T14:47:03 IST" duration-ms="4072">
      <class name="Com.Day12_Assignments.ValidateUsingJsonPath">
        <test-method signature="f()[pri:0, instance:Com.Day12_Assignments.ValidateUsingJsonPath@69e153c5]" started-at="2025-03-13T14:46:59 IST" name="f" finished-at="2025-03-13T14:47:03 IST" duration-ms="4033" status="PASS">
          <reporter-output>
          </reporter-output>
        </test-method> <!-- f -->
      </class> <!-- Com.Day12_Assignments.ValidateUsingJsonPath -->
    </test> <!-- Default test -->
  </suite> <!-- Default suite -->
</testng-results>
